<?xml version="1.0" encoding="UTF-8"?>
<!-- Generated by org.testng.reporters.JUnitReportReporter -->
<testsuite hostname="vantakala" failures="0" tests="8" name="SearchProduct.SearchProduct" time="281.359" errors="0" timestamp="2026-09-01T15:38:12 IST" skipped="0">
  <testcase classname="SearchProduct.SearchProduct" name="searchKidsaccesories" time="25.091"/>
  <testcase classname="SearchProduct.SearchProduct" name="searchKidsaccesories" time="21.665"/>
  <testcase classname="SearchProduct.SearchProduct" name="searchKidsaccesories" time="29.278"/>
  <testcase classname="SearchProduct.SearchProduct" name="searchKidsaccesories" time="28.554"/>
  <testcase classname="SearchProduct.SearchProduct" name="searchKidsaccesories" time="26.521"/>
  <testcase classname="SearchProduct.SearchProduct" name="searchKidsaccesories" time="16.301"/>
  <testcase classname="SearchProduct.SearchProduct" name="searchKidsaccesories" time="16.431"/>
  <testcase classname="SearchProduct.SearchProduct" name="searchKidsaccesories" time="117.518"/>
</testsuite> <!-- SearchProduct.SearchProduct -->
