<?xml version="1.0" encoding="UTF-8"?>
<!-- Generated by org.testng.reporters.JUnitXMLReporter -->
<testsuite ignored="0" hostname="5501L11" failures="1" tests="2" name="Test" time="80.446" errors="0" timestamp="2026-03-19T23:24:46 IST">
  <testcase classname="dropdown.Dropdown" name="selectDropdown" time="6.897">
    <failure type="java.lang.UnsupportedOperationException" message="You may not select a disabled option">
      <![CDATA[java.lang.UnsupportedOperationException: You may not select a disabled option
at org.openqa.selenium.support.ui.Select.assertOptionIsEnabled(Select.java:321)
at org.openqa.selenium.support.ui.Select.setSelected(Select.java:313)
at org.openqa.selenium.support.ui.Select.setSelectedByIndex(Select.java:299)
at org.openqa.selenium.support.ui.Select.selectByIndex(Select.java:179)
at dropdown.Dropdown.selectDropdown(Dropdown.java:37)
at java.base/java.util.concurrent.Executors$RunnableAdapter.call(Executors.java:577)
at java.base/java.util.concurrent.FutureTask.run(FutureTask.java:317)
at java.base/java.util.concurrent.ThreadPoolExecutor.runWorker(ThreadPoolExecutor.java:1144)
at java.base/java.util.concurrent.ThreadPoolExecutor$Worker.run(ThreadPoolExecutor.java:642)
at java.base/java.lang.Thread.run(Thread.java:1589)
... Removed 11 stack frames]]>
    </failure>
  </testcase> <!-- selectDropdown -->
  <testcase classname="Handling_checkboxes.CheckBoxes" name="checkboxTest" time="62.243"/>
</testsuite> <!-- Test -->
