<?xml version="1.0" encoding="UTF-8"?>
<!-- Generated by org.testng.reporters.JUnitXMLReporter -->
<testsuite ignored="0" hostname="vantakala" failures="1" tests="2" name="My test" time="144.617" errors="0" timestamp="2026-05-15T18:01:03 IST">
  <testcase classname="WebTable" name="dynamicWebTable" time="124.591">
    <failure type="java.lang.NumberFormatException" message="For input string: &amp;quot;&amp;quot;">
      <![CDATA[java.lang.NumberFormatException: For input string: ""
at java.base/java.lang.NumberFormatException.forInputString(NumberFormatException.java:67)
at java.base/java.lang.Integer.parseInt(Integer.java:672)
at java.base/java.lang.Integer.parseInt(Integer.java:778)
at WebTable.dynamicWebTable(WebTable.java:101)
at java.base/java.util.ArrayList.forEach(ArrayList.java:1596)
... Removed 25 stack frames]]>
    </failure>
  </testcase> <!-- dynamicWebTable -->
  <testcase classname="WebTable" name="staticElements" time="9.025"/>
</testsuite> <!-- My test -->
