<?xml version="1.0" encoding="UTF-8"?>
<testng-results ignored="0" total="1" passed="1" failed="0" skipped="0">
  <reporter-output>
  </reporter-output>
  <suite started-at="2026-04-11T22:22:15 IST" name="Default suite" finished-at="2026-04-11T22:22:34 IST" duration-ms="19100">
    <groups>
    </groups>
    <test started-at="2026-04-11T22:22:15 IST" name="Default test" finished-at="2026-04-11T22:22:34 IST" duration-ms="19100">
      <class name="dropdown.Dropdown">
        <test-method is-config="true" signature="setup()[pri:0, instance:dropdown.Dropdown@40005471]" started-at="2026-04-11T22:22:15 IST" name="setup" finished-at="2026-04-11T22:22:27 IST" duration-ms="11884" status="PASS">
          <reporter-output>
          </reporter-output>
        </test-method> <!-- setup -->
        <test-method signature="selectDropdown()[pri:0, instance:dropdown.Dropdown@40005471]" started-at="2026-04-11T22:22:27 IST" name="selectDropdown" finished-at="2026-04-11T22:22:33 IST" duration-ms="6330" status="PASS">
          <reporter-output>
          </reporter-output>
        </test-method> <!-- selectDropdown -->
        <test-method is-config="true" signature="tearDown()[pri:0, instance:dropdown.Dropdown@40005471]" started-at="2026-04-11T22:22:33 IST" name="tearDown" finished-at="2026-04-11T22:22:34 IST" duration-ms="761" status="PASS">
          <reporter-output>
          </reporter-output>
        </test-method> <!-- tearDown -->
      </class> <!-- dropdown.Dropdown -->
    </test> <!-- Default test -->
  </suite> <!-- Default suite -->
</testng-results>
