<?xml version="1.0" encoding="UTF-8"?>
<testng-results ignored="0" total="1" passed="1" failed="0" skipped="0">
  <reporter-output>
  </reporter-output>
  <suite started-at="2026-09-03T22:34:41 IST" name="Default suite" finished-at="2026-09-03T22:34:49 IST" duration-ms="7521">
    <groups>
    </groups>
    <test started-at="2026-09-03T22:34:41 IST" name="Default test" finished-at="2026-09-03T22:34:49 IST" duration-ms="7521">
      <class name="Handling_checkboxes.CheckBoxes">
        <test-method is-config="true" signature="setup()[pri:0, instance:Handling_checkboxes.CheckBoxes@2aceadd4]" started-at="2026-09-03T22:34:41 IST" name="setup" finished-at="2026-09-03T22:34:46 IST" duration-ms="5193" status="PASS">
          <reporter-output>
          </reporter-output>
        </test-method> <!-- setup -->
        <test-method signature="checkboxTest()[pri:0, instance:Handling_checkboxes.CheckBoxes@2aceadd4]" started-at="2026-09-03T22:34:46 IST" name="checkboxTest" finished-at="2026-09-03T22:34:48 IST" duration-ms="2002" status="PASS">
          <reporter-output>
          </reporter-output>
        </test-method> <!-- checkboxTest -->
        <test-method is-config="true" signature="tearDown()[pri:0, instance:Handling_checkboxes.CheckBoxes@2aceadd4]" started-at="2026-09-03T22:34:48 IST" name="tearDown" finished-at="2026-09-03T22:34:49 IST" duration-ms="261" status="PASS">
          <reporter-output>
          </reporter-output>
        </test-method> <!-- tearDown -->
      </class> <!-- Handling_checkboxes.CheckBoxes -->
    </test> <!-- Default test -->
  </suite> <!-- Default suite -->
</testng-results>
