<?xml version="1.0" encoding="UTF-8"?>
<!-- Generated by org.testng.reporters.JUnitReportReporter -->
<testsuite hostname="vantakala" failures="0" tests="3" name="ExcelFileWithoutInheritance" time="159.216" errors="0" timestamp="2026-08-24T22:42:12 IST" skipped="0">
  <testcase classname="ExcelFileWithoutInheritance" name="readExcelFullMethod" time="14.921"/>
  <testcase classname="ExcelFileWithoutInheritance" name="readExcelFullMethod" time="65.011"/>
  <testcase classname="ExcelFileWithoutInheritance" name="readExcelFullMethod" time="79.284"/>
</testsuite> <!-- ExcelFileWithoutInheritance -->
