<?xml version="1.0" encoding="UTF-8"?>
<!-- Generated by org.testng.reporters.JUnitReportReporter -->
<testsuite hostname="vantakala" failures="0" tests="3" name="ExcelFileWithoutInheritance" time="31.041" errors="0" timestamp="2026-08-20T12:37:04 IST" skipped="0">
  <testcase classname="ExcelFileWithoutInheritance" name="readExcelFullMethod" time="11.022"/>
  <testcase classname="ExcelFileWithoutInheritance" name="readExcelFullMethod" time="9.645"/>
  <testcase classname="ExcelFileWithoutInheritance" name="readExcelFullMethod" time="10.374"/>
</testsuite> <!-- ExcelFileWithoutInheritance -->
