<?xml version="1.0" encoding="UTF-8"?>
<testng-results ignored="0" total="1" passed="1" failed="0" skipped="0">
  <reporter-output>
  </reporter-output>
  <suite started-at="2026-08-21T22:18:43 IST" name="Default suite" finished-at="2026-08-21T22:19:55 IST" duration-ms="71453">
    <groups>
    </groups>
    <test started-at="2026-08-21T22:18:43 IST" name="Default test" finished-at="2026-08-21T22:19:55 IST" duration-ms="71453">
      <class name="SearchProduct.SearchProduct">
        <test-method signature="searchKidsaccesories()[pri:0, instance:SearchProduct.SearchProduct@639c2c1d]" started-at="2026-08-21T22:18:43 IST" name="searchKidsaccesories" finished-at="2026-08-21T22:19:55 IST" duration-ms="71398" status="PASS">
          <reporter-output>
          </reporter-output>
        </test-method> <!-- searchKidsaccesories -->
      </class> <!-- SearchProduct.SearchProduct -->
    </test> <!-- Default test -->
  </suite> <!-- Default suite -->
</testng-results>
