<?xml version="1.0" encoding="UTF-8"?>
<testng-results ignored="0" total="8" passed="8" failed="0" skipped="0">
  <reporter-output>
  </reporter-output>
  <suite started-at="2026-09-01T15:33:29 IST" name="Default suite" finished-at="2026-09-01T15:38:12 IST" duration-ms="282846">
    <groups>
    </groups>
    <test started-at="2026-09-01T15:33:29 IST" name="Default test" finished-at="2026-09-01T15:38:12 IST" duration-ms="282846">
      <class name="SearchProduct.SearchProduct">
        <test-method signature="searchKidsaccesories(java.lang.String)[pri:0, instance:SearchProduct.SearchProduct@3c46e67a]" started-at="2026-09-01T15:33:31 IST" name="searchKidsaccesories" data-provider="SearchKidsProducts" finished-at="2026-09-01T15:35:28 IST" duration-ms="117518" status="PASS">
          <params>
            <param index="0">
              <value>
                <![CDATA[kids dresses]]>
              </value>
            </param>
          </params>
          <reporter-output>
          </reporter-output>
        </test-method> <!-- searchKidsaccesories -->
        <test-method signature="searchKidsaccesories(java.lang.String)[pri:0, instance:SearchProduct.SearchProduct@3c46e67a]" started-at="2026-09-01T15:35:28 IST" name="searchKidsaccesories" data-provider="SearchKidsProducts" finished-at="2026-09-01T15:35:57 IST" duration-ms="28554" status="PASS">
          <params>
            <param index="0">
              <value>
                <![CDATA[kids toys]]>
              </value>
            </param>
          </params>
          <reporter-output>
          </reporter-output>
        </test-method> <!-- searchKidsaccesories -->
        <test-method signature="searchKidsaccesories(java.lang.String)[pri:0, instance:SearchProduct.SearchProduct@3c46e67a]" started-at="2026-09-01T15:35:57 IST" name="searchKidsaccesories" data-provider="SearchKidsProducts" finished-at="2026-09-01T15:36:22 IST" duration-ms="25091" status="PASS">
          <params>
            <param index="0">
              <value>
                <![CDATA[kids swim suites]]>
              </value>
            </param>
          </params>
          <reporter-output>
          </reporter-output>
        </test-method> <!-- searchKidsaccesories -->
        <test-method signature="searchKidsaccesories(java.lang.String)[pri:0, instance:SearchProduct.SearchProduct@3c46e67a]" started-at="2026-09-01T15:36:22 IST" name="searchKidsaccesories" data-provider="SearchKidsProducts" finished-at="2026-09-01T15:36:48 IST" duration-ms="26521" status="PASS">
          <params>
            <param index="0">
              <value>
                <![CDATA[Kids toy cars]]>
              </value>
            </param>
          </params>
          <reporter-output>
          </reporter-output>
        </test-method> <!-- searchKidsaccesories -->
        <test-method signature="searchKidsaccesories(java.lang.String)[pri:0, instance:SearchProduct.SearchProduct@3c46e67a]" started-at="2026-09-01T15:36:48 IST" name="searchKidsaccesories" data-provider="SearchKidsProducts" finished-at="2026-09-01T15:37:05 IST" duration-ms="16431" status="PASS">
          <params>
            <param index="0">
              <value>
                <![CDATA[Kids Cycles]]>
              </value>
            </param>
          </params>
          <reporter-output>
          </reporter-output>
        </test-method> <!-- searchKidsaccesories -->
        <test-method signature="searchKidsaccesories(java.lang.String)[pri:0, instance:SearchProduct.SearchProduct@3c46e67a]" started-at="2026-09-01T15:37:05 IST" name="searchKidsaccesories" data-provider="SearchKidsProducts" finished-at="2026-09-01T15:37:21 IST" duration-ms="16301" status="PASS">
          <params>
            <param index="0">
              <value>
                <![CDATA[Kids watches]]>
              </value>
            </param>
          </params>
          <reporter-output>
          </reporter-output>
        </test-method> <!-- searchKidsaccesories -->
        <test-method signature="searchKidsaccesories(java.lang.String)[pri:0, instance:SearchProduct.SearchProduct@3c46e67a]" started-at="2026-09-01T15:37:21 IST" name="searchKidsaccesories" data-provider="SearchKidsProducts" finished-at="2026-09-01T15:37:43 IST" duration-ms="21665" status="PASS">
          <params>
            <param index="0">
              <value>
                <![CDATA[kids glasses]]>
              </value>
            </param>
          </params>
          <reporter-output>
          </reporter-output>
        </test-method> <!-- searchKidsaccesories -->
        <test-method signature="searchKidsaccesories(java.lang.String)[pri:0, instance:SearchProduct.SearchProduct@3c46e67a]" started-at="2026-09-01T15:37:43 IST" name="searchKidsaccesories" data-provider="SearchKidsProducts" finished-at="2026-09-01T15:38:12 IST" duration-ms="29278" status="PASS">
          <params>
            <param index="0">
              <value>
                <![CDATA[kids tooth paste]]>
              </value>
            </param>
          </params>
          <reporter-output>
          </reporter-output>
        </test-method> <!-- searchKidsaccesories -->
      </class> <!-- SearchProduct.SearchProduct -->
    </test> <!-- Default test -->
  </suite> <!-- Default suite -->
</testng-results>
